<?xml version="1.0" encoding="UTF-8"?>
<!-- Generated by org.testng.reporters.JUnitReportReporter -->
<testsuite skipped="0" hostname="MacBook-Pro.local" name="com.app.pages.TestNGAnnotations" tests="2" failures="0" timestamp="26 Nov 2018 14:50:04 GMT" time="0.012" errors="0">
  <testcase name="testCase1" time="0.010" classname="com.app.pages.TestNGAnnotations"/>
  <testcase name="testCase2" time="0.002" classname="com.app.pages.TestNGAnnotations"/>
</testsuite> <!-- com.app.pages.TestNGAnnotations -->
