<?xml version="1.0" encoding="UTF-8"?>
<!-- Generated by org.testng.reporters.JUnitReportReporter -->
<testsuite skipped="1" hostname="MacBook-Pro.local" name="com.app.tests.TestNGAnnotations2" tests="3" failures="0" timestamp="27 Nov 2018 03:24:21 GMT" time="0.011" errors="0">
  <testcase name="testCase1" time="0.009" classname="com.app.tests.TestNGAnnotations2"/>
  <testcase name="testCase5" time="0.002" classname="com.app.tests.TestNGAnnotations2"/>
  <testcase name="testCase2" classname="com.app.tests.TestNGAnnotations2">
    <skipped/>
  </testcase> <!-- testCase2 -->
</testsuite> <!-- com.app.tests.TestNGAnnotations2 -->
