<?xml version="1.0" encoding="UTF-8"?>
<!-- Generated by org.testng.reporters.JUnitReportReporter -->
<testsuite skipped="1" hostname="MacBook-Pro.local" name="com.app.tests.TestNGAnnotations" tests="2" failures="0" timestamp="30 Nov 2018 04:11:25 GMT" time="0.005" errors="0">
  <testcase name="testCase1" time="0.005" classname="com.app.tests.TestNGAnnotations"/>
  <testcase name="testCase2" classname="com.app.tests.TestNGAnnotations">
    <skipped/>
  </testcase> <!-- testCase2 -->
</testsuite> <!-- com.app.tests.TestNGAnnotations -->
