<?xml version="1.0" encoding="UTF-8"?>
<!-- Generated by org.testng.reporters.JUnitReportReporter -->
<testsuite skipped="0" hostname="MacBook-Pro" name="com.app.tests.WriteDataToExcel" tests="1" failures="0" timestamp="07 Jan 2019 09:39:41 GMT" time="0.746" errors="0">
  <testcase name="writeData" time="0.746" classname="com.app.tests.WriteDataToExcel"/>
</testsuite> <!-- com.app.tests.WriteDataToExcel -->
