<?xml version="1.0" encoding="UTF-8"?>
<!-- Generated by org.testng.reporters.JUnitReportReporter -->
<testsuite skipped="0" hostname="MacBook-Pro" name="com.app.tests.ReadExcelData" tests="1" failures="0" timestamp="07 Jan 2019 09:40:25 GMT" time="0.676" errors="0">
  <testcase name="readData" time="0.676" classname="com.app.tests.ReadExcelData"/>
</testsuite> <!-- com.app.tests.ReadExcelData -->
